<?xml version="1.0" encoding="UTF-8"?>
<!-- Generated by org.testng.reporters.JUnitReportReporter -->
<testsuite hostname="BOOK-P0O1IG8UK3" failures="0" tests="2" name="Asserttest.TestCase1" time="16.503" errors="0" timestamp="2023-02-21T02:26:14 EST" skipped="0">
  <testcase classname="Asserttest.TestCase1" name="teardown" time="16.231"/>
  <system-out/>
  <testcase classname="Asserttest.TestCase1" name="logintest" time="0.272"/>
  <system-out/>
</testsuite> <!-- Asserttest.TestCase1 -->
